<?xml version="1.0" encoding="UTF-8"?>
<!-- Generated by org.testng.reporters.JUnitReportReporter -->
<testsuite hostname="ALIPL5119" name="com.webdriver.TestCaseA" tests="1" failures="0" timestamp="15 Mar 2020 06:13:45 GMT" time="0.014" errors="0">
  <testcase name="test1" time="0.014" classname="com.webdriver.TestCaseA"/>
</testsuite> <!-- com.webdriver.TestCaseA -->
