<?xml version="1.0" encoding="UTF-8"?>
<!-- Generated by org.testng.reporters.JUnitReportReporter -->
<testsuite hostname="ALIPL5119" name="com.webdriver.TestCaseC" tests="1" failures="0" timestamp="15 Mar 2020 06:14:57 GMT" time="0.013" errors="0">
  <testcase name="test3" time="0.013" classname="com.webdriver.TestCaseC"/>
</testsuite> <!-- com.webdriver.TestCaseC -->
