<?xml version="1.0" encoding="UTF-8"?>
<!-- Generated by org.testng.reporters.JUnitReportReporter -->
<testsuite hostname="ALIPL5119" name="com.webdriver.MultiBrowser" tests="2" failures="0" timestamp="15 Mar 2020 06:00:29 GMT" time="4.036" errors="0">
  <testcase name="login" time="2.398" classname="com.webdriver.MultiBrowser"/>
  <testcase name="login" time="1.638" classname="com.webdriver.MultiBrowser"/>
</testsuite> <!-- com.webdriver.MultiBrowser -->
